<?xml version="1.0" encoding="UTF-8"?>
<testng-results skipped="0" failed="0" ignored="0" total="1" passed="1">
  <reporter-output>
    <line>
      <![CDATA[Test suite setup is started]]>
    </line>
    <line>
      <![CDATA[Test suite setup is completed]]>
    </line>
    <line>
      <![CDATA[Open browser setup is started]]>
    </line>
    <line>
      <![CDATA[Browser is opened]]>
    </line>
    <line>
      <![CDATA[Extent report is generated with screenshot]]>
    </line>
    <line>
      <![CDATA[Browser is closed]]>
    </line>
  </reporter-output>
  <suite name="Default suite" duration-ms="134305" started-at="2020-07-10T11:10:43Z" finished-at="2020-07-10T11:12:57Z">
    <groups>
    </groups>
    <test name="Default test" duration-ms="134305" started-at="2020-07-10T11:10:43Z" finished-at="2020-07-10T11:12:57Z">
      <class name="com.ecommerce.testcases.VerifySortByNameOnMobileListPage">
        <test-method status="PASS" signature="setUp()[pri:0, instance:com.ecommerce.testcases.VerifySortByNameOnMobileListPage@6ca8564a]" name="setUp" is-config="true" duration-ms="275" started-at="2020-07-10T11:10:42Z" finished-at="2020-07-10T11:10:43Z">
          <reporter-output>
            <line>
              <![CDATA[Test suite setup is started]]>
            </line>
            <line>
              <![CDATA[Test suite setup is completed]]>
            </line>
          </reporter-output>
        </test-method> <!-- setUp -->
        <test-method status="PASS" signature="OpenApplication()[pri:0, instance:com.ecommerce.testcases.VerifySortByNameOnMobileListPage@6ca8564a]" name="OpenApplication" is-config="true" duration-ms="12032" started-at="2020-07-10T11:10:43Z" finished-at="2020-07-10T11:10:55Z">
          <reporter-output>
            <line>
              <![CDATA[Open browser setup is started]]>
            </line>
            <line>
              <![CDATA[Browser is opened]]>
            </line>
          </reporter-output>
        </test-method> <!-- OpenApplication -->
        <test-method status="PASS" signature="verifySorting()[pri:0, instance:com.ecommerce.testcases.VerifySortByNameOnMobileListPage@6ca8564a]" name="verifySorting" duration-ms="119337" started-at="2020-07-10T11:10:55Z" finished-at="2020-07-10T11:12:54Z">
          <reporter-output>
          </reporter-output>
        </test-method> <!-- verifySorting -->
        <test-method status="PASS" signature="testResult(org.testng.ITestResult)[pri:0, instance:com.ecommerce.testcases.VerifySortByNameOnMobileListPage@6ca8564a]" name="testResult" is-config="true" duration-ms="1726" started-at="2020-07-10T11:12:54Z" finished-at="2020-07-10T11:12:56Z">
          <params>
            <param index="0">
              <value>
                <![CDATA[[TestResult name=verifySorting status=SUCCESS method=VerifySortByNameOnMobileListPage.verifySorting()[pri:0, instance:com.ecommerce.testcases.VerifySortByNameOnMobileListPage@6ca8564a] output={null}]]]>
              </value>
            </param>
          </params>
          <reporter-output>
            <line>
              <![CDATA[Extent report is generated with screenshot]]>
            </line>
          </reporter-output>
        </test-method> <!-- testResult -->
        <test-method status="PASS" signature="closeBrowser()[pri:0, instance:com.ecommerce.testcases.VerifySortByNameOnMobileListPage@6ca8564a]" name="closeBrowser" is-config="true" duration-ms="1162" started-at="2020-07-10T11:12:56Z" finished-at="2020-07-10T11:12:57Z">
          <reporter-output>
            <line>
              <![CDATA[Browser is closed]]>
            </line>
          </reporter-output>
        </test-method> <!-- closeBrowser -->
      </class> <!-- com.ecommerce.testcases.VerifySortByNameOnMobileListPage -->
    </test> <!-- Default test -->
  </suite> <!-- Default suite -->
</testng-results>
