<?xml version="1.0" encoding="UTF-8"?>
<testng-results skipped="0" failed="0" ignored="0" total="1" passed="1">
  <reporter-output>
    <line>
      <![CDATA[Test suite setup is started]]>
    </line>
    <line>
      <![CDATA[Test suite setup is completed]]>
    </line>
    <line>
      <![CDATA[Open browser setup is started]]>
    </line>
    <line>
      <![CDATA[Browser is opened]]>
    </line>
    <line>
      <![CDATA[Extent report is generated with screenshot]]>
    </line>
    <line>
      <![CDATA[Browser is closed]]>
    </line>
  </reporter-output>
  <suite name="Default suite" duration-ms="164168" started-at="2020-07-11T13:40:28Z" finished-at="2020-07-11T13:43:13Z">
    <groups>
    </groups>
    <test name="Default test" duration-ms="164168" started-at="2020-07-11T13:40:28Z" finished-at="2020-07-11T13:43:13Z">
      <class name="com.ecommerce.testcases.VerifySortByNameOnMobileListPage">
        <test-method status="PASS" signature="setUp()[pri:0, instance:com.ecommerce.testcases.VerifySortByNameOnMobileListPage@6ca8564a]" name="setUp" is-config="true" duration-ms="31122" started-at="2020-07-11T13:39:50Z" finished-at="2020-07-11T13:40:21Z">
          <reporter-output>
            <line>
              <![CDATA[Test suite setup is started]]>
            </line>
            <line>
              <![CDATA[Test suite setup is completed]]>
            </line>
          </reporter-output>
        </test-method> <!-- setUp -->
        <test-method status="PASS" signature="OpenApplication()[pri:0, instance:com.ecommerce.testcases.VerifySortByNameOnMobileListPage@6ca8564a]" name="OpenApplication" is-config="true" duration-ms="46658" started-at="2020-07-11T13:40:29Z" finished-at="2020-07-11T13:41:15Z">
          <reporter-output>
            <line>
              <![CDATA[Open browser setup is started]]>
            </line>
            <line>
              <![CDATA[Browser is opened]]>
            </line>
          </reporter-output>
        </test-method> <!-- OpenApplication -->
        <test-method status="PASS" signature="verifySorting()[pri:0, instance:com.ecommerce.testcases.VerifySortByNameOnMobileListPage@6ca8564a]" name="verifySorting" duration-ms="8059" started-at="2020-07-11T13:41:23Z" finished-at="2020-07-11T13:41:31Z">
          <reporter-output>
          </reporter-output>
        </test-method> <!-- verifySorting -->
        <test-method status="PASS" signature="testResult(org.testng.ITestResult)[pri:0, instance:com.ecommerce.testcases.VerifySortByNameOnMobileListPage@6ca8564a]" name="testResult" is-config="true" duration-ms="53823" started-at="2020-07-11T13:41:31Z" finished-at="2020-07-11T13:42:25Z">
          <params>
            <param index="0">
              <value>
                <![CDATA[[TestResult name=verifySorting status=SUCCESS method=VerifySortByNameOnMobileListPage.verifySorting()[pri:0, instance:com.ecommerce.testcases.VerifySortByNameOnMobileListPage@6ca8564a] output={null}]]]>
              </value>
            </param>
          </params>
          <reporter-output>
            <line>
              <![CDATA[Extent report is generated with screenshot]]>
            </line>
          </reporter-output>
        </test-method> <!-- testResult -->
        <test-method status="PASS" signature="closeBrowser()[pri:0, instance:com.ecommerce.testcases.VerifySortByNameOnMobileListPage@6ca8564a]" name="closeBrowser" is-config="true" duration-ms="23333" started-at="2020-07-11T13:42:48Z" finished-at="2020-07-11T13:43:11Z">
          <reporter-output>
            <line>
              <![CDATA[Browser is closed]]>
            </line>
          </reporter-output>
        </test-method> <!-- closeBrowser -->
      </class> <!-- com.ecommerce.testcases.VerifySortByNameOnMobileListPage -->
    </test> <!-- Default test -->
  </suite> <!-- Default suite -->
</testng-results>
