<?xml version="1.0" encoding="UTF-8"?>
<!-- Generated by org.testng.reporters.JUnitXMLReporter -->
<testsuite hostname="PC4121" ignored="1" name="Test" tests="2" failures="0" timestamp="11 Jul 2020 13:29:25 GMT" time="223.185" errors="0">
  <testcase name="@BeforeClass OpenApplication" time="22.6" classname="com.ecommerce.pages.BaseClass">
    <failure type="java.lang.NullPointerException">
      <![CDATA[java.lang.NullPointerException
at com.ecommerce.pages.BaseClass.OpenApplication(BaseClass.java:48)
... Removed 26 stack frames]]>
    </failure>
  </testcase> <!-- @BeforeClass OpenApplication -->
  <testcase name="@AfterMethod testResult" time="0.0" classname="com.ecommerce.pages.BaseClass">
    <skipped/>
  </testcase> <!-- @AfterMethod testResult -->
  <testcase name="@AfterClass closeBrowser" time="0.0" classname="com.ecommerce.pages.BaseClass">
    <skipped/>
  </testcase> <!-- @AfterClass closeBrowser -->
  <testcase name="verifySorting" time="8.251" classname="com.ecommerce.testcases.VerifySortByNameOnMobileListPage"/>
  <testcase name="verifyCost" time="0.0" classname="com.ecommerce.testcases.VerifyCostListAndDetailPage">
    <skipped/>
  </testcase> <!-- verifyCost -->
  <testcase name="@BeforeSuite setUp" time="0.0" classname="com.ecommerce.pages.BaseClass">
    <ignored/>
  </testcase> <!-- @BeforeSuite setUp -->
</testsuite> <!-- Test -->
